*** Using Compiler 'V6.14', folder: 'C:\MDK5_31\ARM\ARMCLANG\Bin'
Build target 'GD32E23x'
compiling gd32e23x_cmp.c...
compiling systick.c...
compiling gd32e23x_adc.c...
compiling oled.c...
compiling dht11.c...
compiling system_gd32e23x.c...
compiling main.c...
compiling gd32e23x_it.c...
compiling gd32e23x_crc.c...
compiling gd32e23x_dbg.c...
compiling gd32e23x_fwdgt.c...
compiling gd32e23x_exti.c...
compiling gd32e23x_i2c.c...
compiling gd32e23x_gpio.c...
compiling gd32e23x_dma.c...
compiling gd32e23x_fmc.c...
compiling gd32e23x_misc.c...
compiling gd32e23x_pmu.c...
compiling gd32e23x_syscfg.c...
compiling gd32e23x_rtc.c...
compiling gd32e23x_spi.c...
compiling gd32e23x_usart.c...
compiling gd32e23x_rcu.c...
compiling gd32e23x_timer.c...
assembling startup_gd32e23x.s...
compiling gd32e23x_wwdgt.c...
compiling gd32e230c_eval.c...
linking...
Program Size: Code=9964 RO-data=2060 RW-data=8 ZI-data=1048  
".\output\Project.axf" - 0 Error(s), 0 Warning(s).
Build Time Elapsed:  00:00:09
